<?xml version="1.0" encoding="UTF-8"?>
<!-- Generated by org.testng.reporters.JUnitReportReporter -->
<testsuite hostname="vivobook-asuslaptop-x512flc-x512fl" failures="0" tests="5" name="SanityTesting.HD_apis" time="3.473" errors="0" timestamp="2024-02-20T11:27:20 IST" skipped="0">
  <testcase classname="SanityTesting.HD_apis" name="Brainviewer" time="1.400"/>
  <testcase classname="SanityTesting.HD_apis" name="activity" time="0.200"/>
  <testcase classname="SanityTesting.HD_apis" name="seriesset" time="0.903"/>
  <testcase classname="SanityTesting.HD_apis" name="getccuser" time="0.145"/>
  <testcase classname="SanityTesting.HD_apis" name="getthumbnails" time="0.825"/>
</testsuite> <!-- SanityTesting.HD_apis -->
