<?xml version="1.0" encoding="UTF-8"?>
<!-- Generated by org.testng.reporters.JUnitReportReporter -->
<testsuite hostname="vivobook-asuslaptop-x512flc-x512fl" failures="0" tests="1" name="SanityTesting.getregiondata_API" time="2.202" errors="0" timestamp="2023-11-17T16:23:04 IST" skipped="0">
  <testcase classname="SanityTesting.getregiondata_API" name="testGetRegionDataAPI" time="2.202"/>
</testsuite> <!-- SanityTesting.getregiondata_API -->
