<?xml version="1.0" encoding="UTF-8"?>
<!-- Generated by org.testng.reporters.JUnitReportReporter -->
<testsuite hostname="vivobook-asuslaptop-x512flc-x512fl" failures="0" tests="1" name="SanityTesting.AtlasEditor" time="2.172" errors="0" timestamp="2023-09-11T12:57:08 IST" skipped="0">
  <testcase classname="SanityTesting.AtlasEditor" name="save" time="2.172"/>
</testsuite> <!-- SanityTesting.AtlasEditor -->
