<?xml version="1.0" encoding="UTF-8"?>
<!-- Generated by org.testng.reporters.JUnitReportReporter -->
<testsuite hostname="vivobook-asuslaptop-x512flc-x512fl" failures="0" tests="5" name="SanityTesting.AtlasEditor" time="3.925" errors="0" timestamp="2024-02-20T09:50:29 IST" skipped="0">
  <testcase classname="SanityTesting.AtlasEditor" name="appatlas" time="1.563"/>
  <testcase classname="SanityTesting.AtlasEditor" name="Brainviewer" time="0.399"/>
  <testcase classname="SanityTesting.AtlasEditor" name="Contributor" time="0.794"/>
  <testcase classname="SanityTesting.AtlasEditor" name="appannotation" time="1.000"/>
  <testcase classname="SanityTesting.AtlasEditor" name="save" time="0.169"/>
</testsuite> <!-- SanityTesting.AtlasEditor -->
