<?xml version="1.0" encoding="UTF-8"?>
<!-- Generated by org.testng.reporters.JUnitReportReporter -->
<testsuite hostname="vivobook-asuslaptop-x512flc-x512fl" failures="0" tests="12" name="SanityTesting.cellannotation_apis" time="10.651" errors="0" timestamp="2024-02-20T10:12:29 IST" skipped="0">
  <testcase classname="SanityTesting.cellannotation_apis" name="appatlas" time="1.480"/>
  <testcase classname="SanityTesting.cellannotation_apis" name="Brainviewer" time="0.099"/>
  <testcase classname="SanityTesting.cellannotation_apis" name="appannotation" time="0.183"/>
  <testcase classname="SanityTesting.cellannotation_apis" name="contributors" time="0.157"/>
  <testcase classname="SanityTesting.cellannotation_apis" name="annotatedtile" time="0.723"/>
  <testcase classname="SanityTesting.cellannotation_apis" name="Wiptile" time="0.158"/>
  <testcase classname="SanityTesting.cellannotation_apis" name="AGtile" time="0.839"/>
  <testcase classname="SanityTesting.cellannotation_apis" name="tileloading_API" time="1.184"/>
  <testcase classname="SanityTesting.cellannotation_apis" name="Celldetection_API" time="2.248"/>
  <testcase classname="SanityTesting.cellannotation_apis" name="Centroiddetection_API" time="1.585"/>
  <testcase classname="SanityTesting.cellannotation_apis" name="Rabbies_API" time="0.996"/>
  <testcase classname="SanityTesting.cellannotation_apis" name="Save_API" time="0.999"/>
</testsuite> <!-- SanityTesting.cellannotation_apis -->
