<?xml version="1.0" encoding="UTF-8"?>
<!-- Generated by org.testng.reporters.JUnitReportReporter -->
<testsuite hostname="vivobook-asuslaptop-x512flc-x512fl" failures="0" tests="1" name="DataTesting.Colabdataportal" time="1.944" errors="0" timestamp="2023-09-11T14:59:57 IST" skipped="0">
  <testcase classname="DataTesting.Colabdataportal" name="Braindata" time="1.944"/>
</testsuite> <!-- DataTesting.Colabdataportal -->
