<?xml version="1.0" encoding="UTF-8"?>
<!-- Generated by org.testng.reporters.JUnitReportReporter -->
<testsuite hostname="vivobook-asuslaptop-x512flc-x512fl" failures="0" tests="6" name="SanityTesting.AtlasEditor" time="4.835" errors="0" timestamp="2024-02-20T11:34:21 IST" skipped="0">
  <testcase classname="SanityTesting.AtlasEditor" name="appatlas" time="1.418"/>
  <testcase classname="SanityTesting.AtlasEditor" name="Brainviewer" time="0.455"/>
  <testcase classname="SanityTesting.AtlasEditor" name="Contributor" time="0.966"/>
  <testcase classname="SanityTesting.AtlasEditor" name="appannotation" time="1.002"/>
  <testcase classname="SanityTesting.AtlasEditor" name="save" time="0.163"/>
  <testcase classname="SanityTesting.AtlasEditor" name="activity" time="0.831"/>
</testsuite> <!-- SanityTesting.AtlasEditor -->
