<?xml version="1.0" encoding="UTF-8"?>
<!-- Generated by org.testng.reporters.JUnitReportReporter -->
<testsuite hostname="vivobook-asuslaptop-x512flc-x512fl" failures="0" tests="13" name="SanityTesting.cellannotation_apis" time="9.930" errors="0" timestamp="2024-02-20T11:36:23 IST" skipped="0">
  <testcase classname="SanityTesting.cellannotation_apis" name="appatlas" time="1.428"/>
  <testcase classname="SanityTesting.cellannotation_apis" name="Brainviewer" time="0.097"/>
  <testcase classname="SanityTesting.cellannotation_apis" name="appannotation" time="0.183"/>
  <testcase classname="SanityTesting.cellannotation_apis" name="contributors" time="0.160"/>
  <testcase classname="SanityTesting.cellannotation_apis" name="annotatedtile" time="0.185"/>
  <testcase classname="SanityTesting.cellannotation_apis" name="Wiptile" time="0.220"/>
  <testcase classname="SanityTesting.cellannotation_apis" name="AGtile" time="0.203"/>
  <testcase classname="SanityTesting.cellannotation_apis" name="tileloading_API" time="1.129"/>
  <testcase classname="SanityTesting.cellannotation_apis" name="Celldetection_API" time="2.249"/>
  <testcase classname="SanityTesting.cellannotation_apis" name="Centroiddetection_API" time="1.947"/>
  <testcase classname="SanityTesting.cellannotation_apis" name="Rabbies_API" time="0.996"/>
  <testcase classname="SanityTesting.cellannotation_apis" name="Save_API" time="1.000"/>
  <testcase classname="SanityTesting.cellannotation_apis" name="activity" time="0.133"/>
</testsuite> <!-- SanityTesting.cellannotation_apis -->
